
 ⛅️ wrangler 3.114.17 (update available 4.67.0)
-----------------------------------------------

🌀 Executing on remote database clawescrow (12711de7-c1ac-415f-ae43-e74e6ec6abca):
🌀 To execute on your local development database, remove the --remote flag from your wrangler command.
🚣 Executed 1 command in 2.56ms
[
  {
    "results": [],
    "success": true,
    "meta": {
      "served_by": "v3-prod",
      "served_by_region": "WEUR",
      "served_by_colo": "AMS",
      "served_by_primary": true,
      "timings": {
        "sql_duration_ms": 2.5607
      },
      "duration": 2.5607,
      "changes": 3,
      "last_row_id": 0,
      "changed_db": true,
      "size_after": 1331200,
      "rows_read": 16,
      "rows_written": 6,
      "total_attempts": 1
    }
  }
]
