
 ⛅️ wrangler 3.114.17 (update available 4.67.0)
-----------------------------------------------

🌀 Executing on remote database clawescrow-staging (d126ce15-8016-46ab-bfb6-d6c2a9e467c8):
🌀 To execute on your local development database, remove the --remote flag from your wrangler command.
🚣 Executed 1 command in 0.48ms
[
  {
    "results": [],
    "success": true,
    "meta": {
      "served_by": "v3-prod",
      "served_by_region": "WEUR",
      "served_by_colo": "AMS",
      "served_by_primary": true,
      "timings": {
        "sql_duration_ms": 0.4763
      },
      "duration": 0.4763,
      "changes": 10,
      "last_row_id": 0,
      "changed_db": true,
      "size_after": 1695744,
      "rows_read": 36,
      "rows_written": 20,
      "total_attempts": 1
    }
  }
]
