AUTO_BOUNTY_GRABBER_RESULT /private/tmp/clawbureau-arena-v10/artifacts/ops/arena-productization/2026-02-20T01-47-41Z-agp-us-059-auto-bounty-grabber-staging/summary.json
{
  "schema_version": "arena_auto_claim_loop.v1",
  "loop_id": "arena_autoclaim_45304688450346e9868de38f52e4cef9",
  "generated_at": "2026-02-20T01:47:45.906Z",
  "dry_run": false,
  "objective_profile_name": "balanced",
  "limits": {
    "limit": 50,
    "target_claims": 10,
    "scan_limit": 300,
    "budget_minor": "900000",
    "max_fleet_cost_tier": "high",
    "max_fleet_risk_tier": "high",
    "include_code_bounties": false,
    "allow_route_fallback": true
  },
  "totals": {
    "scanned_open_bounties": 14,
    "decisions": 10,
    "claimed": 10,
    "failed": 0,
    "skipped": 0,
    "replay": 0,
    "duplicate_lock_incidents": 0,
    "budget_minor_remaining": "898640",
    "target_met": true
  },
  "decisions": [
    {
      "bounty_id": "bty_bb985bbc-79c0-4e6e-965e-d6c264c35f1d",
      "status": "claimed",
      "reason_code": "ARENA_AUTOCLAIM_CLAIMED",
      "contender_id": null,
      "selected_worker_did": "did:key:z6MkFleetCodexBatch000000000000000000005",
      "route_reason_codes": [
        "ARENA_AUTOCLAIM_ROUTE_UNAVAILABLE",
        "ARENA_FLEET_MATCHED",
        "ARENA_AUTOCLAIM_FLEET_FALLBACK"
      ],
      "source": "fleet_fallback",
      "reward_amount_minor": "50",
      "budget_minor_before": "900000",
      "budget_minor_after": "899950",
      "error": null
    },
    {
      "bounty_id": "bty_38e8d1bf-971d-48cf-b663-f72a5fe3f3fa",
      "status": "claimed",
      "reason_code": "ARENA_AUTOCLAIM_CLAIMED",
      "contender_id": null,
      "selected_worker_did": "did:key:z6MkFleetCodexBatch000000000000000000005",
      "route_reason_codes": [
        "ARENA_AUTOCLAIM_ROUTE_UNAVAILABLE",
        "ARENA_FLEET_MATCHED",
        "ARENA_AUTOCLAIM_FLEET_FALLBACK"
      ],
      "source": "fleet_fallback",
      "reward_amount_minor": "50",
      "budget_minor_before": "899950",
      "budget_minor_after": "899900",
      "error": null
    },
    {
      "bounty_id": "bty_7b392878-8628-4bec-91bc-0f8f11e0f45f",
      "status": "claimed",
      "reason_code": "ARENA_AUTOCLAIM_CLAIMED",
      "contender_id": null,
      "selected_worker_did": "did:key:z6MkFleetCodexBatch000000000000000000005",
      "route_reason_codes": [
        "ARENA_AUTOCLAIM_ROUTE_UNAVAILABLE",
        "ARENA_FLEET_MATCHED",
        "ARENA_AUTOCLAIM_FLEET_FALLBACK"
      ],
      "source": "fleet_fallback",
      "reward_amount_minor": "200",
      "budget_minor_before": "899900",
      "budget_minor_after": "899700",
      "error": null
    },
    {
      "bounty_id": "bty_7e86b6f9-6906-49ff-9707-597ec0cb3003",
      "status": "claimed",
      "reason_code": "ARENA_AUTOCLAIM_CLAIMED",
      "contender_id": null,
      "selected_worker_did": "did:key:z6MkFleetCodexBatch000000000000000000005",
      "route_reason_codes": [
        "ARENA_AUTOCLAIM_ROUTE_UNAVAILABLE",
        "ARENA_FLEET_MATCHED",
        "ARENA_AUTOCLAIM_FLEET_FALLBACK"
      ],
      "source": "fleet_fallback",
      "reward_amount_minor": "200",
      "budget_minor_before": "899700",
      "budget_minor_after": "899500",
      "error": null
    },
    {
      "bounty_id": "bty_5d317637-3ac5-4f2f-894f-003082fa167e",
      "status": "claimed",
      "reason_code": "ARENA_AUTOCLAIM_CLAIMED",
      "contender_id": null,
      "selected_worker_did": "did:key:z6MkFleetCodexBatch000000000000000000005",
      "route_reason_codes": [
        "ARENA_AUTOCLAIM_ROUTE_UNAVAILABLE",
        "ARENA_FLEET_MATCHED",
        "ARENA_AUTOCLAIM_FLEET_FALLBACK"
      ],
      "source": "fleet_fallback",
      "reward_amount_minor": "200",
      "budget_minor_before": "899500",
      "budget_minor_after": "899300",
      "error": null
    },
    {
      "bounty_id": "bty_b4c66713-625b-48a0-9147-98b704125f17",
      "status": "claimed",
      "reason_code": "ARENA_AUTOCLAIM_CLAIMED",
      "contender_id": null,
      "selected_worker_did": "did:key:z6MkFleetCodexBatch000000000000000000005",
      "route_reason_codes": [
        "ARENA_AUTOCLAIM_ROUTE_UNAVAILABLE",
        "ARENA_FLEET_MATCHED",
        "ARENA_AUTOCLAIM_FLEET_FALLBACK"
      ],
      "source": "fleet_fallback",
      "reward_amount_minor": "200",
      "budget_minor_before": "899300",
      "budget_minor_after": "899100",
      "error": null
    },
    {
      "bounty_id": "bty_7e8fadef-24e0-4cbe-ac8e-ae24cebb9173",
      "status": "claimed",
      "reason_code": "ARENA_AUTOCLAIM_CLAIMED",
      "contender_id": null,
      "selected_worker_did": "did:key:z6MkFleetCodexBatch000000000000000000005",
      "route_reason_codes": [
        "ARENA_AUTOCLAIM_ROUTE_UNAVAILABLE",
        "ARENA_FLEET_MATCHED",
        "ARENA_AUTOCLAIM_FLEET_FALLBACK"
      ],
      "source": "fleet_fallback",
      "reward_amount_minor": "200",
      "budget_minor_before": "899100",
      "budget_minor_after": "898900",
      "error": null
    },
    {
      "bounty_id": "bty_87d0bfad-741b-4f80-afc8-aa124f623910",
      "status": "claimed",
      "reason_code": "ARENA_AUTOCLAIM_CLAIMED",
      "contender_id": null,
      "selected_worker_did": "did:key:z6MkFleetCodexBatch000000000000000000005",
      "route_reason_codes": [
        "ARENA_AUTOCLAIM_ROUTE_UNAVAILABLE",
        "ARENA_FLEET_MATCHED",
        "ARENA_AUTOCLAIM_FLEET_FALLBACK"
      ],
      "source": "fleet_fallback",
      "reward_amount_minor": "200",
      "budget_minor_before": "898900",
      "budget_minor_after": "898700",
      "error": null
    },
    {
      "bounty_id": "bty_e92a7fab-2d78-4921-b582-15d22c5aebb9",
      "status": "claimed",
      "reason_code": "ARENA_AUTOCLAIM_CLAIMED",
      "contender_id": null,
      "selected_worker_did": "did:key:z6MkFleetCodexBatch000000000000000000005",
      "route_reason_codes": [
        "ARENA_AUTOCLAIM_ROUTE_UNAVAILABLE",
        "ARENA_FLEET_MATCHED",
        "ARENA_AUTOCLAIM_FLEET_FALLBACK"
      ],
      "source": "fleet_fallback",
      "reward_amount_minor": "50",
      "budget_minor_before": "898700",
      "budget_minor_after": "898650",
      "error": null
    },
    {
      "bounty_id": "bty_154d2336-4047-4b28-ad68-aed5fc0be787",
      "status": "claimed",
      "reason_code": "ARENA_AUTOCLAIM_CLAIMED",
      "contender_id": null,
      "selected_worker_did": "did:key:z6MkFleetCodexBatch000000000000000000005",
      "route_reason_codes": [
        "ARENA_AUTOCLAIM_ROUTE_UNAVAILABLE",
        "ARENA_FLEET_MATCHED",
        "ARENA_AUTOCLAIM_FLEET_FALLBACK"
      ],
      "source": "fleet_fallback",
      "reward_amount_minor": "10",
      "budget_minor_before": "898650",
      "budget_minor_after": "898640",
      "error": null
    }
  ]
}
